17:20:05,661  INFO SoftBank:65 - browaser launched and url is open
17:20:06,093  INFO SoftBank:25 - loged-in to the homepage
17:20:06,364  INFO SoftBank:28 - added items to the cart
17:20:06,431  INFO SoftBank:30 - open cart
17:20:06,534  INFO SoftBank:32 - checked-out the cart
17:20:12,902  INFO SoftBank:39 - checked-out the cart
17:20:16,269  INFO SoftBank:75 - Test Case Executed: testUserLogin.TC01_SuccessfulUseLogin
17:20:16,269  INFO SoftBank:75 - Test Case Executed: placeOrder.TC02_PlacingOrder
17:20:16,301 DEBUG freemarker.cache:45 - Couldn't find template in cache for "extent.ftl"("en_US", UTF-8, parsed); will try to load it.
17:20:16,301 DEBUG freemarker.cache:45 - TemplateLoader.findTemplateSource("extent_en_US.ftl"): Not found
17:20:16,301 DEBUG freemarker.cache:45 - TemplateLoader.findTemplateSource("extent_en.ftl"): Not found
17:20:16,301 DEBUG freemarker.cache:45 - TemplateLoader.findTemplateSource("extent.ftl"): Found
17:20:16,301 DEBUG freemarker.cache:45 - Loading template for "extent.ftl"("en_US", UTF-8, parsed) from "jar:file:/C:/Users/02155Y744/.m2/repository/com/aventstack/extentreports/3.0.0/extentreports-3.0.0.jar!/com/aventstack/extentreports/view/extent.ftl"
17:20:16,442 DEBUG freemarker.cache:45 - Couldn't find template in cache for "head.ftl"("en_US", UTF-8, parsed); will try to load it.
17:20:16,442 DEBUG freemarker.cache:45 - TemplateLoader.findTemplateSource("head_en_US.ftl"): Not found
17:20:16,442 DEBUG freemarker.cache:45 - TemplateLoader.findTemplateSource("head_en.ftl"): Not found
17:20:16,442 DEBUG freemarker.cache:45 - TemplateLoader.findTemplateSource("head.ftl"): Found
17:20:16,442 DEBUG freemarker.cache:45 - Loading template for "head.ftl"("en_US", UTF-8, parsed) from "jar:file:/C:/Users/02155Y744/.m2/repository/com/aventstack/extentreports/3.0.0/extentreports-3.0.0.jar!/com/aventstack/extentreports/view/head.ftl"
17:20:16,442 DEBUG freemarker.cache:45 - Couldn't find template in cache for "nav.ftl"("en_US", UTF-8, parsed); will try to load it.
17:20:16,442 DEBUG freemarker.cache:45 - TemplateLoader.findTemplateSource("nav_en_US.ftl"): Not found
17:20:16,442 DEBUG freemarker.cache:45 - TemplateLoader.findTemplateSource("nav_en.ftl"): Not found
17:20:16,442 DEBUG freemarker.cache:45 - TemplateLoader.findTemplateSource("nav.ftl"): Found
17:20:16,442 DEBUG freemarker.cache:45 - Loading template for "nav.ftl"("en_US", UTF-8, parsed) from "jar:file:/C:/Users/02155Y744/.m2/repository/com/aventstack/extentreports/3.0.0/extentreports-3.0.0.jar!/com/aventstack/extentreports/view/nav.ftl"
17:20:16,457 DEBUG freemarker.cache:45 - Couldn't find template in cache for "test-view/test-view.ftl"("en_US", UTF-8, parsed); will try to load it.
17:20:16,457 DEBUG freemarker.cache:45 - TemplateLoader.findTemplateSource("test-view/test-view_en_US.ftl"): Not found
17:20:16,457 DEBUG freemarker.cache:45 - TemplateLoader.findTemplateSource("test-view/test-view_en.ftl"): Not found
17:20:16,457 DEBUG freemarker.cache:45 - TemplateLoader.findTemplateSource("test-view/test-view.ftl"): Found
17:20:16,457 DEBUG freemarker.cache:45 - Loading template for "test-view/test-view.ftl"("en_US", UTF-8, parsed) from "jar:file:/C:/Users/02155Y744/.m2/repository/com/aventstack/extentreports/3.0.0/extentreports-3.0.0.jar!/com/aventstack/extentreports/view/test-view/test-view.ftl"
17:20:16,489 DEBUG freemarker.cache:45 - Couldn't find template in cache for "test-view/test-view-charts.ftl"("en_US", UTF-8, parsed); will try to load it.
17:20:16,489 DEBUG freemarker.cache:45 - TemplateLoader.findTemplateSource("test-view/test-view-charts_en_US.ftl"): Not found
17:20:16,492 DEBUG freemarker.cache:45 - TemplateLoader.findTemplateSource("test-view/test-view-charts_en.ftl"): Not found
17:20:16,492 DEBUG freemarker.cache:45 - TemplateLoader.findTemplateSource("test-view/test-view-charts.ftl"): Found
17:20:16,492 DEBUG freemarker.cache:45 - Loading template for "test-view/test-view-charts.ftl"("en_US", UTF-8, parsed) from "jar:file:/C:/Users/02155Y744/.m2/repository/com/aventstack/extentreports/3.0.0/extentreports-3.0.0.jar!/com/aventstack/extentreports/view/test-view/test-view-charts.ftl"
17:20:16,505 DEBUG freemarker.cache:45 - Couldn't find template in cache for "test-view/standard.ftl"("en_US", UTF-8, parsed); will try to load it.
17:20:16,505 DEBUG freemarker.cache:45 - TemplateLoader.findTemplateSource("test-view/standard_en_US.ftl"): Not found
17:20:16,505 DEBUG freemarker.cache:45 - TemplateLoader.findTemplateSource("test-view/standard_en.ftl"): Not found
17:20:16,505 DEBUG freemarker.cache:45 - TemplateLoader.findTemplateSource("test-view/standard.ftl"): Found
17:20:16,505 DEBUG freemarker.cache:45 - Loading template for "test-view/standard.ftl"("en_US", UTF-8, parsed) from "jar:file:/C:/Users/02155Y744/.m2/repository/com/aventstack/extentreports/3.0.0/extentreports-3.0.0.jar!/com/aventstack/extentreports/view/test-view/standard.ftl"
17:20:16,520 DEBUG freemarker.cache:45 - "test-view/standard.ftl"("en_US", UTF-8, parsed) cached copy not yet stale; using cached.
17:20:16,520 DEBUG freemarker.cache:45 - "test-view/standard.ftl"("en_US", UTF-8, parsed) cached copy not yet stale; using cached.
17:20:16,520 DEBUG freemarker.cache:45 - Couldn't find template in cache for "category-view/category-view.ftl"("en_US", UTF-8, parsed); will try to load it.
17:20:16,520 DEBUG freemarker.cache:45 - TemplateLoader.findTemplateSource("category-view/category-view_en_US.ftl"): Not found
17:20:16,520 DEBUG freemarker.cache:45 - TemplateLoader.findTemplateSource("category-view/category-view_en.ftl"): Not found
17:20:16,520 DEBUG freemarker.cache:45 - TemplateLoader.findTemplateSource("category-view/category-view.ftl"): Found
17:20:16,520 DEBUG freemarker.cache:45 - Loading template for "category-view/category-view.ftl"("en_US", UTF-8, parsed) from "jar:file:/C:/Users/02155Y744/.m2/repository/com/aventstack/extentreports/3.0.0/extentreports-3.0.0.jar!/com/aventstack/extentreports/view/category-view/category-view.ftl"
17:20:16,536 DEBUG freemarker.cache:45 - Couldn't find template in cache for "exception-view/exception-view.ftl"("en_US", UTF-8, parsed); will try to load it.
17:20:16,536 DEBUG freemarker.cache:45 - TemplateLoader.findTemplateSource("exception-view/exception-view_en_US.ftl"): Not found
17:20:16,536 DEBUG freemarker.cache:45 - TemplateLoader.findTemplateSource("exception-view/exception-view_en.ftl"): Not found
17:20:16,536 DEBUG freemarker.cache:45 - TemplateLoader.findTemplateSource("exception-view/exception-view.ftl"): Found
17:20:16,536 DEBUG freemarker.cache:45 - Loading template for "exception-view/exception-view.ftl"("en_US", UTF-8, parsed) from "jar:file:/C:/Users/02155Y744/.m2/repository/com/aventstack/extentreports/3.0.0/extentreports-3.0.0.jar!/com/aventstack/extentreports/view/exception-view/exception-view.ftl"
17:20:16,536 DEBUG freemarker.cache:45 - Couldn't find template in cache for "dashboard-view/dashboard-view.ftl"("en_US", UTF-8, parsed); will try to load it.
17:20:16,536 DEBUG freemarker.cache:45 - TemplateLoader.findTemplateSource("dashboard-view/dashboard-view_en_US.ftl"): Not found
17:20:16,536 DEBUG freemarker.cache:45 - TemplateLoader.findTemplateSource("dashboard-view/dashboard-view_en.ftl"): Not found
17:20:16,536 DEBUG freemarker.cache:45 - TemplateLoader.findTemplateSource("dashboard-view/dashboard-view.ftl"): Found
17:20:16,536 DEBUG freemarker.cache:45 - Loading template for "dashboard-view/dashboard-view.ftl"("en_US", UTF-8, parsed) from "jar:file:/C:/Users/02155Y744/.m2/repository/com/aventstack/extentreports/3.0.0/extentreports-3.0.0.jar!/com/aventstack/extentreports/view/dashboard-view/dashboard-view.ftl"
17:20:16,552 DEBUG freemarker.cache:45 - Couldn't find template in cache for "logs-view/testrunner-logs-view.ftl"("en_US", UTF-8, parsed); will try to load it.
17:20:16,552 DEBUG freemarker.cache:45 - TemplateLoader.findTemplateSource("logs-view/testrunner-logs-view_en_US.ftl"): Not found
17:20:16,552 DEBUG freemarker.cache:45 - TemplateLoader.findTemplateSource("logs-view/testrunner-logs-view_en.ftl"): Not found
17:20:16,552 DEBUG freemarker.cache:45 - TemplateLoader.findTemplateSource("logs-view/testrunner-logs-view.ftl"): Found
17:20:16,552 DEBUG freemarker.cache:45 - Loading template for "logs-view/testrunner-logs-view.ftl"("en_US", UTF-8, parsed) from "jar:file:/C:/Users/02155Y744/.m2/repository/com/aventstack/extentreports/3.0.0/extentreports-3.0.0.jar!/com/aventstack/extentreports/view/logs-view/testrunner-logs-view.ftl"
